<?xml version="1.0" encoding="UTF-8"?>
<!-- Generated by org.testng.reporters.JUnitReportReporter -->
<testsuite hostname="DESKTOP-VK" failures="0" tests="1" name="mvn_pages.TC_LoginTest_001" time="15.590" errors="0" timestamp="2024-07-06T22:27:36 IST" skipped="0">
  <testcase classname="mvn_pages.TC_LoginTest_001" name="LoginTest" time="15.590"/>
</testsuite> <!-- mvn_pages.TC_LoginTest_001 -->
